<?xml version="1.0" encoding="UTF-8"?>
<testsuite name="ru.stqa.pft.sandbox.EquationTest" tests="1" skipped="0" failures="0" errors="0" timestamp="2020-04-11T10:19:59" hostname="DESKTOP-JL3VRNR" time="0.009">
  <properties/>
  <testcase name="test1" classname="ru.stqa.pft.sandbox.EquationTest" time="0.009"/>
  <system-out><![CDATA[]]></system-out>
  <system-err><![CDATA[]]></system-err>
</testsuite>
