<?xml version="1.0" encoding="UTF-8"?>
<testsuite name="ru.stqa.pft.sandbox.SquareTest" tests="1" skipped="0" failures="0" errors="0" timestamp="2020-01-04T23:03:51" hostname="DESKTOP-JL3VRNR" time="0.008">
  <properties/>
  <testcase name="TestArea" classname="ru.stqa.pft.sandbox.SquareTest" time="0.008"/>
  <system-out><![CDATA[]]></system-out>
  <system-err><![CDATA[]]></system-err>
</testsuite>
