<?xml version="1.0" encoding="UTF-8"?>
<testsuite name="ru.stqa.pft.rest.BearTests" tests="1" skipped="0" failures="0" errors="0" timestamp="2020-04-13T05:15:41" hostname="DESKTOP-JL3VRNR" time="1.05">
  <properties/>
  <testcase name="testCreationBear" classname="ru.stqa.pft.rest.BearTests" time="1.05"/>
  <system-out><![CDATA[]]></system-out>
  <system-err><![CDATA[]]></system-err>
</testsuite>
