<?xml version="1.0" encoding="UTF-8"?>
<testsuite name="ru.stqa.pft.addressbook.tests.DeleteGroupTests" tests="1" skipped="0" failures="0" errors="0" timestamp="2020-05-03T00:53:32" hostname="DESKTOP-JL3VRNR" time="2.292">
  <properties/>
  <testcase name="testGroupDelete" classname="ru.stqa.pft.addressbook.tests.DeleteGroupTests" time="2.292"/>
  <system-out><![CDATA[]]></system-out>
  <system-err><![CDATA[]]></system-err>
</testsuite>
