<?xml version="1.0" encoding="UTF-8"?>
<testsuite name="ru.stqa.pft.addressbook.tests.DeleteGroupTests" tests="1" skipped="0" failures="0" errors="0" timestamp="2020-05-04T15:49:02" hostname="DESKTOP-JL3VRNR" time="1.34">
  <properties/>
  <testcase name="testGroupDelete" classname="ru.stqa.pft.addressbook.tests.DeleteGroupTests" time="1.34"/>
  <system-out><![CDATA[]]></system-out>
  <system-err><![CDATA[]]></system-err>
</testsuite>
